<?xml version="1.0" encoding="UTF-8"?>
<testsuite name="Reservation Code" tests="1" skipped="0" failures="1" errors="0" timestamp="2020-12-02T11:22:51" hostname="CHMEPPF1JVKUB" time="22.013">
  <properties/>
  <testcase name="Search Reservation Code" classname="Reservation Code" time="22.013">
    <failure message="java.lang.AssertionError: 1" type="java.lang.AssertionError">java.lang.AssertionError: 1
	at net.serenitybdd.screenplay.ErrorTally.throwSummaryExceptionFrom(ErrorTally.java:36)
	at net.serenitybdd.screenplay.ErrorTally.reportAnyErrors(ErrorTally.java:30)
	at net.serenitybdd.screenplay.Actor.should(Actor.java:301)
	at co.com.choucair.certification.RetoLatam.stepdefinitions.LatamStepDefinitions.valitateTheSizeOfReservationCode(LatamStepDefinitions.java:36)
	at ✽.valitate the size 5 of reservation code(src/test/resources/features/latamReto.feature:13)
</failure>
  </testcase>
  <system-out><![CDATA[Es un código de 6 letras, por ejemplo, VBCDGG.

Búscalo en el email de confirmación que te mandamos al momento de la compra.
1
Es un código de 6 letras, por ejemplo, VBCDGG.

Búscalo en el email de confirmación que te mandamos al momento de la compra.
]]></system-out>
  <system-err><![CDATA[[Test worker] WARN net.thucydides.core.steps.BaseStepListener - stepStarted: net.thucydides.core.steps.ExecutedStepDescription@9e1a6da
[Test worker] WARN net.thucydides.core.steps.BaseStepListener - stepStarted: net.thucydides.core.steps.ExecutedStepDescription@21af38a9
[Test worker] WARN net.thucydides.core.steps.BaseStepListener - stepStarted: net.thucydides.core.steps.ExecutedStepDescription@15b5241b
dic 02, 2020 6:22:53 AM org.openqa.selenium.remote.DesiredCapabilities chrome
INFORMACIÓN: Using `new ChromeOptions()` is preferred to `DesiredCapabilities.chrome()`
[Test worker] INFO net.serenitybdd.core.webdriver.driverproviders.ProvideNewDriver - Instantiating driver
[Test worker] INFO net.serenitybdd.core.webdriver.driverproviders.ProvideNewDriver - Driver capabilities: Capabilities {acceptInsecureCerts: false, browserName: chrome, chrome.switches: --start-maximized, goog:chromeOptions: {args: [--start-maximized], extensions: []}, loggingPrefs: org.openqa.selenium.logging..., platform: ANY, version: }
Starting ChromeDriver 86.0.4240.22 (398b0743353ff36fb1b82468f63a3a93b4e2e89e-refs/branch-heads/4240@{#378}) on port 46588
Only local connections are allowed.
Please see https://chromedriver.chromium.org/security-considerations for suggestions on keeping ChromeDriver safe.
ChromeDriver was started successfully.
[1606908177.129][WARNING]: This version of ChromeDriver has not been tested with Chrome version 87.
dic 02, 2020 6:22:59 AM org.openqa.selenium.remote.ProtocolHandshake createSession
INFORMACIÓN: Detected dialect: W3C
[Test worker] WARN net.thucydides.core.steps.BaseStepListener - stepFinished: current outcome:Search Reservation Code:Given than Ana Wants to enter Latam Page [Ana open up [Ana opens the Latam page]]
[Test worker] WARN net.thucydides.core.steps.BaseStepListener - stepFinished: current outcome:Search Reservation Code:Given than Ana Wants to enter Latam Page [Ana open up [Ana opens the Latam page]]
[Test worker] WARN net.thucydides.core.steps.BaseStepListener - stepStarted: net.thucydides.core.steps.ExecutedStepDescription@52a4487c
[Test worker] WARN net.thucydides.core.steps.BaseStepListener - stepStarted: net.thucydides.core.steps.ExecutedStepDescription@591060c9
[Test worker] WARN net.thucydides.core.steps.BaseStepListener - stepFinished: current outcome:Search Reservation Code:Given than Ana Wants to enter Latam Page [Ana open up [Ana opens the Latam page], Ana menu my trips [Ana clicks on Menu my trips]]
[Test worker] WARN net.thucydides.core.steps.BaseStepListener - stepFinished: current outcome:Search Reservation Code:Given than Ana Wants to enter Latam Page [Ana open up [Ana opens the Latam page], Ana menu my trips [Ana clicks on Menu my trips]]
[Test worker] WARN net.thucydides.core.steps.BaseStepListener - stepFinished: current outcome:Search Reservation Code:Given than Ana Wants to enter Latam Page [Ana open up [Ana opens the Latam page], Ana menu my trips [Ana clicks on Menu my trips]]
[Test worker] WARN net.thucydides.core.steps.BaseStepListener - stepStarted: net.thucydides.core.steps.ExecutedStepDescription@54539076
[Test worker] WARN net.thucydides.core.steps.BaseStepListener - stepStarted: net.thucydides.core.steps.ExecutedStepDescription@5cd994da
[Test worker] WARN net.thucydides.core.steps.BaseStepListener - stepStarted: net.thucydides.core.steps.ExecutedStepDescription@2b62ebb2
[Test worker] WARN net.thucydides.core.steps.BaseStepListener - stepFinished: current outcome:Search Reservation Code:Given than Ana Wants to enter Latam Page [Ana open up [Ana opens the Latam page], Ana menu my trips [Ana clicks on Menu my trips]], When she enter where to find them [Ana data my trip [Ana clicks on Data the trips]]
[Test worker] WARN net.thucydides.core.steps.BaseStepListener - stepFinished: current outcome:Search Reservation Code:Given than Ana Wants to enter Latam Page [Ana open up [Ana opens the Latam page], Ana menu my trips [Ana clicks on Menu my trips]], When she enter where to find them [Ana data my trip [Ana clicks on Data the trips]]
[Test worker] WARN net.thucydides.core.steps.BaseStepListener - stepStarted: net.thucydides.core.steps.ExecutedStepDescription@9fd602
[Test worker] WARN net.thucydides.core.steps.BaseStepListener - stepStarted: net.thucydides.core.steps.ExecutedStepDescription@1bb28a52
[Test worker] WARN net.thucydides.core.steps.BaseStepListener - stepFinished: current outcome:Search Reservation Code:Given than Ana Wants to enter Latam Page [Ana open up [Ana opens the Latam page], Ana menu my trips [Ana clicks on Menu my trips]], When she enter where to find them [Ana data my trip [Ana clicks on Data the trips], Ana link code [Ana clicks on  Link of Code]]
[Test worker] WARN net.thucydides.core.steps.BaseStepListener - stepFinished: current outcome:Search Reservation Code:Given than Ana Wants to enter Latam Page [Ana open up [Ana opens the Latam page], Ana menu my trips [Ana clicks on Menu my trips]], When she enter where to find them [Ana data my trip [Ana clicks on Data the trips], Ana link code [Ana clicks on  Link of Code]]
[Test worker] WARN net.thucydides.core.steps.BaseStepListener - stepFinished: current outcome:Search Reservation Code:Given than Ana Wants to enter Latam Page [Ana open up [Ana opens the Latam page], Ana menu my trips [Ana clicks on Menu my trips]], When she enter where to find them [Ana data my trip [Ana clicks on Data the trips], Ana link code [Ana clicks on  Link of Code]]
[Test worker] WARN net.thucydides.core.steps.BaseStepListener - stepStarted: net.thucydides.core.steps.ExecutedStepDescription@76d719d5
[Test worker] WARN net.thucydides.core.steps.BaseStepListener - stepStarted: net.thucydides.core.steps.ExecutedStepDescription@71ef884
[Test worker] WARN net.thucydides.core.steps.BaseStepListener - testFinished: Search Reservation Code:Given than Ana Wants to enter Latam Page [Ana open up [Ana opens the Latam page], Ana menu my trips [Ana clicks on Menu my trips]], When she enter where to find them [Ana data my trip [Ana clicks on Data the trips], Ana link code [Ana clicks on  Link of Code]], Then valitate the size 5 of reservation code [Then answer]
[Test worker] WARN net.thucydides.core.steps.BaseStepListener - TestOutcomes: [Search Reservation Code:Given than Ana Wants to enter Latam Page [Ana open up [Ana opens the Latam page], Ana menu my trips [Ana clicks on Menu my trips]], When she enter where to find them [Ana data my trip [Ana clicks on Data the trips], Ana link code [Ana clicks on  Link of Code]], Then valitate the size 5 of reservation code [Then answer]]
[Test worker] WARN net.thucydides.core.steps.BaseStepListener - Final testOutcomes: [Search Reservation Code:Given than Ana Wants to enter Latam Page [Ana open up [Ana opens the Latam page], Ana menu my trips [Ana clicks on Menu my trips]], When she enter where to find them [Ana data my trip [Ana clicks on Data the trips], Ana link code [Ana clicks on  Link of Code]], Then valitate the size 5 of reservation code [Then answer]]
[Test worker] ERROR net.thucydides.core.steps.ConsoleLoggingListener - 
           __  _____ _____ ____ _____   _____ _    ___ _     _____ ____  
  _       / / |_   _| ____/ ___|_   _| |  ___/ \  |_ _| |   | ____|  _ \ 
 (_)_____| |    | | |  _| \___ \ | |   | |_ / _ \  | || |   |  _| | | | |
  _|_____| |    | | | |___ ___) || |   |  _/ ___ \ | || |___| |___| |_| |
 (_)     | |    |_| |_____|____/ |_|   |_|/_/   \_\___|_____|_____|____/ 
          \_\                                                            

TEST FAILED WITH ERROR: Search Reservation Code
---------------------------------------------------------------------
[Test worker] ERROR net.thucydides.core.steps.ConsoleLoggingListener - TEST FAILED AT STEP Then answer
[Test worker] ERROR net.thucydides.core.steps.ConsoleLoggingListener - 1
]]></system-err>
</testsuite>
