<?xml version="1.0" encoding="UTF-8"?>
<testsuite name="Reservation code" tests="1" skipped="0" failures="1" errors="0" timestamp="2020-12-02T00:54:25" hostname="CHMEPPF1JVKUB" time="17.806">
  <properties/>
  <testcase name="Search reservation code" classname="Reservation code" time="17.806">
    <failure message="java.lang.AssertionError: 1" type="java.lang.AssertionError">java.lang.AssertionError: 1
	at net.serenitybdd.screenplay.ErrorTally.throwSummaryExceptionFrom(ErrorTally.java:36)
	at net.serenitybdd.screenplay.ErrorTally.reportAnyErrors(ErrorTally.java:30)
	at net.serenitybdd.screenplay.Actor.should(Actor.java:301)
	at co.com.choucair.certification.RetoLatam.stepdefinitions.latamStepdefinitions.validateTheReservationCode(latamStepdefinitions.java:36)
	at ✽.validate the size 5 of reservation code(src/test/resources/features/latamReto.feature:14)
</failure>
  </testcase>
  <system-out><![CDATA[Es un código de 6 letras, por ejemplo, VBCDGG.

Búscalo en el email de confirmación que te mandamos al momento de la compra.
1
Es un código de 6 letras, por ejemplo, VBCDGG.

Búscalo en el email de confirmación que te mandamos al momento de la compra.
]]></system-out>
  <system-err><![CDATA[[Test worker] WARN net.thucydides.core.steps.BaseStepListener - stepStarted: net.thucydides.core.steps.ExecutedStepDescription@68e41ed1
[Test worker] WARN net.thucydides.core.steps.BaseStepListener - stepStarted: net.thucydides.core.steps.ExecutedStepDescription@41968077
[Test worker] WARN net.thucydides.core.steps.BaseStepListener - stepStarted: net.thucydides.core.steps.ExecutedStepDescription@30160713
dic 01, 2020 7:54:26 PM org.openqa.selenium.remote.DesiredCapabilities chrome
INFORMACIÓN: Using `new ChromeOptions()` is preferred to `DesiredCapabilities.chrome()`
[Test worker] INFO net.serenitybdd.core.webdriver.driverproviders.ProvideNewDriver - Instantiating driver
[Test worker] INFO net.serenitybdd.core.webdriver.driverproviders.ProvideNewDriver - Driver capabilities: Capabilities {acceptInsecureCerts: false, browserName: chrome, chrome.switches: --start-maximized, goog:chromeOptions: {args: [--start-maximized], extensions: []}, loggingPrefs: org.openqa.selenium.logging..., platform: ANY, version: }
Starting ChromeDriver 86.0.4240.22 (398b0743353ff36fb1b82468f63a3a93b4e2e89e-refs/branch-heads/4240@{#378}) on port 9154
Only local connections are allowed.
Please see https://chromedriver.chromium.org/security-considerations for suggestions on keeping ChromeDriver safe.
ChromeDriver was started successfully.
[1606870469.219][WARNING]: This version of ChromeDriver has not been tested with Chrome version 87.
dic 01, 2020 7:54:31 PM org.openqa.selenium.remote.ProtocolHandshake createSession
INFORMACIÓN: Detected dialect: W3C
[Test worker] WARN net.thucydides.core.steps.BaseStepListener - stepFinished: current outcome:Search reservation code:Given than Ana wants to enter the latam page [Ana open up [Ana opens the Latan page]]
[Test worker] WARN net.thucydides.core.steps.BaseStepListener - stepFinished: current outcome:Search reservation code:Given than Ana wants to enter the latam page [Ana open up [Ana opens the Latan page]]
[Test worker] WARN net.thucydides.core.steps.BaseStepListener - stepStarted: net.thucydides.core.steps.ExecutedStepDescription@13be8559
[Test worker] WARN net.thucydides.core.steps.BaseStepListener - stepStarted: net.thucydides.core.steps.ExecutedStepDescription@24d7cfee
[Test worker] WARN net.thucydides.core.steps.BaseStepListener - stepFinished: current outcome:Search reservation code:Given than Ana wants to enter the latam page [Ana open up [Ana opens the Latan page], Ana menu my trips [Ana clicks on Menu my trips]]
[Test worker] WARN net.thucydides.core.steps.BaseStepListener - stepFinished: current outcome:Search reservation code:Given than Ana wants to enter the latam page [Ana open up [Ana opens the Latan page], Ana menu my trips [Ana clicks on Menu my trips]]
[Test worker] WARN net.thucydides.core.steps.BaseStepListener - stepFinished: current outcome:Search reservation code:Given than Ana wants to enter the latam page [Ana open up [Ana opens the Latan page], Ana menu my trips [Ana clicks on Menu my trips]]
[Test worker] WARN net.thucydides.core.steps.BaseStepListener - stepStarted: net.thucydides.core.steps.ExecutedStepDescription@75df904b
[Test worker] WARN net.thucydides.core.steps.BaseStepListener - stepStarted: net.thucydides.core.steps.ExecutedStepDescription@6395040c
[Test worker] WARN net.thucydides.core.steps.BaseStepListener - stepStarted: net.thucydides.core.steps.ExecutedStepDescription@3116f6b7
[Test worker] WARN net.thucydides.core.steps.BaseStepListener - stepFinished: current outcome:Search reservation code:Given than Ana wants to enter the latam page [Ana open up [Ana opens the Latan page], Ana menu my trips [Ana clicks on Menu my trips]], When you enter the link where to find them [Ana sub menu data trip [Ana clicks on sub menu data trip]]
[Test worker] WARN net.thucydides.core.steps.BaseStepListener - stepFinished: current outcome:Search reservation code:Given than Ana wants to enter the latam page [Ana open up [Ana opens the Latan page], Ana menu my trips [Ana clicks on Menu my trips]], When you enter the link where to find them [Ana sub menu data trip [Ana clicks on sub menu data trip]]
[Test worker] WARN net.thucydides.core.steps.BaseStepListener - stepStarted: net.thucydides.core.steps.ExecutedStepDescription@37059ab1
[Test worker] WARN net.thucydides.core.steps.BaseStepListener - stepStarted: net.thucydides.core.steps.ExecutedStepDescription@503f14d3
[Test worker] WARN net.thucydides.core.steps.BaseStepListener - stepFinished: current outcome:Search reservation code:Given than Ana wants to enter the latam page [Ana open up [Ana opens the Latan page], Ana menu my trips [Ana clicks on Menu my trips]], When you enter the link where to find them [Ana sub menu data trip [Ana clicks on sub menu data trip], Ana link code [Ana clicks on Link where to find it ]]
[Test worker] WARN net.thucydides.core.steps.BaseStepListener - stepFinished: current outcome:Search reservation code:Given than Ana wants to enter the latam page [Ana open up [Ana opens the Latan page], Ana menu my trips [Ana clicks on Menu my trips]], When you enter the link where to find them [Ana sub menu data trip [Ana clicks on sub menu data trip], Ana link code [Ana clicks on Link where to find it ]]
[Test worker] WARN net.thucydides.core.steps.BaseStepListener - stepFinished: current outcome:Search reservation code:Given than Ana wants to enter the latam page [Ana open up [Ana opens the Latan page], Ana menu my trips [Ana clicks on Menu my trips]], When you enter the link where to find them [Ana sub menu data trip [Ana clicks on sub menu data trip], Ana link code [Ana clicks on Link where to find it ]]
[Test worker] WARN net.thucydides.core.steps.BaseStepListener - stepStarted: net.thucydides.core.steps.ExecutedStepDescription@46c70d37
[Test worker] WARN net.thucydides.core.steps.BaseStepListener - stepStarted: net.thucydides.core.steps.ExecutedStepDescription@be2d189
[Test worker] WARN net.thucydides.core.steps.BaseStepListener - testFinished: Search reservation code:Given than Ana wants to enter the latam page [Ana open up [Ana opens the Latan page], Ana menu my trips [Ana clicks on Menu my trips]], When you enter the link where to find them [Ana sub menu data trip [Ana clicks on sub menu data trip], Ana link code [Ana clicks on Link where to find it ]], Then validate the size 5 of reservation code [Then answer]
[Test worker] WARN net.thucydides.core.steps.BaseStepListener - TestOutcomes: [Search reservation code:Given than Ana wants to enter the latam page [Ana open up [Ana opens the Latan page], Ana menu my trips [Ana clicks on Menu my trips]], When you enter the link where to find them [Ana sub menu data trip [Ana clicks on sub menu data trip], Ana link code [Ana clicks on Link where to find it ]], Then validate the size 5 of reservation code [Then answer]]
[Test worker] WARN net.thucydides.core.steps.BaseStepListener - Final testOutcomes: [Search reservation code:Given than Ana wants to enter the latam page [Ana open up [Ana opens the Latan page], Ana menu my trips [Ana clicks on Menu my trips]], When you enter the link where to find them [Ana sub menu data trip [Ana clicks on sub menu data trip], Ana link code [Ana clicks on Link where to find it ]], Then validate the size 5 of reservation code [Then answer]]
[Test worker] ERROR net.thucydides.core.steps.ConsoleLoggingListener - 
           __  _____ _____ ____ _____   _____ _    ___ _     _____ ____  
  _       / / |_   _| ____/ ___|_   _| |  ___/ \  |_ _| |   | ____|  _ \ 
 (_)_____| |    | | |  _| \___ \ | |   | |_ / _ \  | || |   |  _| | | | |
  _|_____| |    | | | |___ ___) || |   |  _/ ___ \ | || |___| |___| |_| |
 (_)     | |    |_| |_____|____/ |_|   |_|/_/   \_\___|_____|_____|____/ 
          \_\                                                            

TEST FAILED WITH ERROR: Search reservation code
---------------------------------------------------------------------
[Test worker] ERROR net.thucydides.core.steps.ConsoleLoggingListener - TEST FAILED AT STEP Then answer
[Test worker] ERROR net.thucydides.core.steps.ConsoleLoggingListener - 1
]]></system-err>
</testsuite>
